# JRE version: OpenJDK Runtime Environment (8.0_282-b08) (build 1.8.0_282-b08)
# Java VM: OpenJDK 64-Bit Server VM (25.282-b08 mixed mode windows-amd64 compressed oops)
Heap:
 PSYoungGen      total 144896K, used 15532K [0x00000000f5580000, 0x00000000ffe80000, 0x0000000100000000)
  eden space 116224K, 10% used [0x00000000f5580000,0x00000000f61750e0,0x00000000fc700000)
  from space 28672K, 11% used [0x00000000fe280000,0x00000000fe5b6070,0x00000000ffe80000)
  to   space 28160K, 0% used [0x00000000fc700000,0x00000000fc700000,0x00000000fe280000)
 ParOldGen       total 349696K, used 135920K [0x00000000e0000000, 0x00000000f5580000, 0x00000000f5580000)
  object space 349696K, 38% used [0x00000000e0000000,0x00000000e84bc360,0x00000000f5580000)
 Metaspace       used 121929K, capacity 131312K, committed 132760K, reserved 1165312K
  class space    used 15528K, capacity 17198K, committed 17560K, reserved 1048576K
GC Heap History (10 events):
Event: 12339.524 GC heap before
{Heap before GC invocations=276 (full 9):
 PSYoungGen      total 140800K, used 114135K [0x00000000f5580000, 0x00000000ffd80000, 0x0000000100000000)
  eden space 109568K, 100% used [0x00000000f5580000,0x00000000fc080000,0x00000000fc080000)
  from space 31232K, 14% used [0x00000000fdf00000,0x00000000fe375f30,0x00000000ffd80000)
  to   space 31232K, 0% used [0x00000000fc080000,0x00000000fc080000,0x00000000fdf00000)
 ParOldGen       total 349696K, used 317122K [0x00000000e0000000, 0x00000000f5580000, 0x00000000f5580000)
  object space 349696K, 90% used [0x00000000e0000000,0x00000000f35b0ab0,0x00000000f5580000)
 Metaspace       used 122296K, capacity 132030K, committed 132632K, reserved 1165312K
  class space    used 15620K, capacity 17333K, committed 17432K, reserved 1048576K
Event: 12339.743 GC heap after
Heap after GC invocations=276 (full 9):
 PSYoungGen      total 140800K, used 7054K [0x00000000f5580000, 0x00000000ffd00000, 0x0000000100000000)
  eden space 109568K, 0% used [0x00000000f5580000,0x00000000f5580000,0x00000000fc080000)
  from space 31232K, 22% used [0x00000000fc080000,0x00000000fc763b30,0x00000000fdf00000)
  to   space 29696K, 0% used [0x00000000fe000000,0x00000000fe000000,0x00000000ffd00000)
 ParOldGen       total 349696K, used 318830K [0x00000000e0000000, 0x00000000f5580000, 0x00000000f5580000)
  object space 349696K, 91% used [0x00000000e0000000,0x00000000f375b978,0x00000000f5580000)
 Metaspace       used 122296K, capacity 132030K, committed 132632K, reserved 1165312K
  class space    used 15620K, capacity 17333K, committed 17432K, reserved 1048576K
}
Event: 12341.625 GC heap before
{Heap before GC invocations=277 (full 9):
 PSYoungGen      total 140800K, used 116622K [0x00000000f5580000, 0x00000000ffd00000, 0x0000000100000000)
  eden space 109568K, 100% used [0x00000000f5580000,0x00000000fc080000,0x00000000fc080000)
  from space 31232K, 22% used [0x00000000fc080000,0x00000000fc763b30,0x00000000fdf00000)
  to   space 29696K, 0% used [0x00000000fe000000,0x00000000fe000000,0x00000000ffd00000)
 ParOldGen       total 349696K, used 318830K [0x00000000e0000000, 0x00000000f5580000, 0x00000000f5580000)
  object space 349696K, 91% used [0x00000000e0000000,0x00000000f375b978,0x00000000f5580000)
 Metaspace       used 122371K, capacity 132076K, committed 132632K, reserved 1165312K
  class space    used 15624K, capacity 17340K, committed 17432K, reserved 1048576K
Event: 12341.692 GC heap after
Heap after GC invocations=277 (full 9):
 PSYoungGen      total 142336K, used 13776K [0x00000000f5580000, 0x00000000ffd80000, 0x0000000100000000)
  eden space 112640K, 0% used [0x00000000f5580000,0x00000000f5580000,0x00000000fc380000)
  from space 29696K, 46% used [0x00000000fe000000,0x00000000fed74010,0x00000000ffd00000)
  to   space 29184K, 0% used [0x00000000fc380000,0x00000000fc380000,0x00000000fe000000)
 ParOldGen       total 349696K, used 325050K [0x00000000e0000000, 0x00000000f5580000, 0x00000000f5580000)
  object space 349696K, 92% used [0x00000000e0000000,0x00000000f3d6e908,0x00000000f5580000)
 Metaspace       used 122371K, capacity 132076K, committed 132632K, reserved 1165312K
  class space    used 15624K, capacity 17340K, committed 17432K, reserved 1048576K
}
Event: 12342.486 GC heap before
{Heap before GC invocations=278 (full 9):
 PSYoungGen      total 142336K, used 126416K [0x00000000f5580000, 0x00000000ffd80000, 0x0000000100000000)
  eden space 112640K, 100% used [0x00000000f5580000,0x00000000fc380000,0x00000000fc380000)
  from space 29696K, 46% used [0x00000000fe000000,0x00000000fed74010,0x00000000ffd00000)
  to   space 29184K, 0% used [0x00000000fc380000,0x00000000fc380000,0x00000000fe000000)
 ParOldGen       total 349696K, used 325050K [0x00000000e0000000, 0x00000000f5580000, 0x00000000f5580000)
  object space 349696K, 92% used [0x00000000e0000000,0x00000000f3d6e908,0x00000000f5580000)
 Metaspace       used 122379K, capacity 132076K, committed 132632K, reserved 1165312K
  class space    used 15624K, capacity 17340K, committed 17432K, reserved 1048576K
Event: 12342.724 GC heap after
Heap after GC invocations=278 (full 9):
 PSYoungGen      total 141824K, used 3424K [0x00000000f5580000, 0x00000000ffe80000, 0x0000000100000000)
  eden space 112640K, 0% used [0x00000000f5580000,0x00000000f5580000,0x00000000fc380000)
  from space 29184K, 11% used [0x00000000fc380000,0x00000000fc6d8000,0x00000000fe000000)
  to   space 28672K, 0% used [0x00000000fe280000,0x00000000fe280000,0x00000000ffe80000)
 ParOldGen       total 349696K, used 338166K [0x00000000e0000000, 0x00000000f5580000, 0x00000000f5580000)
  object space 349696K, 96% used [0x00000000e0000000,0x00000000f4a3d878,0x00000000f5580000)
 Metaspace       used 122379K, capacity 132076K, committed 132632K, reserved 1165312K
  class space    used 15624K, capacity 17340K, committed 17432K, reserved 1048576K
}
Event: 12342.724 GC heap before
{Heap before GC invocations=279 (full 10):
 PSYoungGen      total 141824K, used 3424K [0x00000000f5580000, 0x00000000ffe80000, 0x0000000100000000)
  eden space 112640K, 0% used [0x00000000f5580000,0x00000000f5580000,0x00000000fc380000)
  from space 29184K, 11% used [0x00000000fc380000,0x00000000fc6d8000,0x00000000fe000000)
  to   space 28672K, 0% used [0x00000000fe280000,0x00000000fe280000,0x00000000ffe80000)
 ParOldGen       total 349696K, used 338166K [0x00000000e0000000, 0x00000000f5580000, 0x00000000f5580000)
  object space 349696K, 96% used [0x00000000e0000000,0x00000000f4a3d878,0x00000000f5580000)
 Metaspace       used 122379K, capacity 132076K, committed 132632K, reserved 1165312K
  class space    used 15624K, capacity 17340K, committed 17432K, reserved 1048576K
Event: 12347.192 GC heap after
Heap after GC invocations=279 (full 10):
 PSYoungGen      total 141824K, used 0K [0x00000000f5580000, 0x00000000ffe80000, 0x0000000100000000)
  eden space 112640K, 0% used [0x00000000f5580000,0x00000000f5580000,0x00000000fc380000)
  from space 29184K, 0% used [0x00000000fc380000,0x00000000fc380000,0x00000000fe000000)
  to   space 28672K, 0% used [0x00000000fe280000,0x00000000fe280000,0x00000000ffe80000)
 ParOldGen       total 349696K, used 135912K [0x00000000e0000000, 0x00000000f5580000, 0x00000000f5580000)
  object space 349696K, 38% used [0x00000000e0000000,0x00000000e84ba360,0x00000000f5580000)
 Metaspace       used 121778K, capacity 130968K, committed 132632K, reserved 1165312K
  class space    used 15494K, capacity 17116K, committed 17432K, reserved 1048576K
}
Event: 17512.251 GC heap before
{Heap before GC invocations=280 (full 10):
 PSYoungGen      total 141824K, used 112640K [0x00000000f5580000, 0x00000000ffe80000, 0x0000000100000000)
  eden space 112640K, 100% used [0x00000000f5580000,0x00000000fc380000,0x00000000fc380000)
  from space 29184K, 0% used [0x00000000fc380000,0x00000000fc380000,0x00000000fe000000)
  to   space 28672K, 0% used [0x00000000fe280000,0x00000000fe280000,0x00000000ffe80000)
 ParOldGen       total 349696K, used 135912K [0x00000000e0000000, 0x00000000f5580000, 0x00000000f5580000)
  object space 349696K, 38% used [0x00000000e0000000,0x00000000e84ba360,0x00000000f5580000)
 Metaspace       used 121891K, capacity 131210K, committed 132760K, reserved 1165312K
  class space    used 15518K, capacity 17185K, committed 17560K, reserved 1048576K
Event: 17512.946 GC heap after
Heap after GC invocations=280 (full 10):
 PSYoungGen      total 144896K, used 3288K [0x00000000f5580000, 0x00000000ffe80000, 0x0000000100000000)
  eden space 116224K, 0% used [0x00000000f5580000,0x00000000f5580000,0x00000000fc700000)
  from space 28672K, 11% used [0x00000000fe280000,0x00000000fe5b6070,0x00000000ffe80000)
  to   space 28160K, 0% used [0x00000000fc700000,0x00000000fc700000,0x00000000fe280000)
 ParOldGen       total 349696K, used 135920K [0x00000000e0000000, 0x00000000f5580000, 0x00000000f5580000)
  object space 349696K, 38% used [0x00000000e0000000,0x00000000e84bc360,0x00000000f5580000)
 Metaspace       used 121891K, capacity 131210K, committed 132760K, reserved 1165312K
  class space    used 15518K, capacity 17185K, committed 17560K, reserved 1048576K
}

